2015/04/26 18:30:23 [error] [php] Undefined index: san_pham_loai_guid (D:\project\aPhungTanPhucglass\1SOURCE\src_tp_front\tp_front\protected\controllers\FrontController.php:136)
Stack trace:
#0 D:\project\aPhungTanPhucglass\1SOURCE\src_tp_front\tp_front\framework\web\CController.php(308): CInlineAction->runWithParams()
#1 D:\project\aPhungTanPhucglass\1SOURCE\src_tp_front\tp_front\framework\web\CController.php(286): FrontController->runAction()
#2 D:\project\aPhungTanPhucglass\1SOURCE\src_tp_front\tp_front\framework\web\CController.php(265): FrontController->runActionWithFilters()
#3 D:\project\aPhungTanPhucglass\1SOURCE\src_tp_front\tp_front\framework\web\CWebApplication.php(282): FrontController->run()
#4 D:\project\aPhungTanPhucglass\1SOURCE\src_tp_front\tp_front\framework\web\CWebApplication.php(141): CWebApplication->runController()
#5 D:\project\aPhungTanPhucglass\1SOURCE\src_tp_front\tp_front\framework\base\CApplication.php(180): CWebApplication->processRequest()
#6 D:\project\aPhungTanPhucglass\1SOURCE\src_tp_front\tp_front\index.php(17): CWebApplication->run()
REQUEST_URI=/index.php?r=front/sanpham&guid=621C4803_5074_EAFE_43F5_C7F2CEF32FFA8854
2015/04/26 18:32:23 [error] [php] Undefined index: san_pham_loai_guid (D:\project\aPhungTanPhucglass\1SOURCE\src_tp_front\tp_front\protected\controllers\FrontController.php:136)
Stack trace:
#0 D:\project\aPhungTanPhucglass\1SOURCE\src_tp_front\tp_front\framework\web\CController.php(308): CInlineAction->runWithParams()
#1 D:\project\aPhungTanPhucglass\1SOURCE\src_tp_front\tp_front\framework\web\CController.php(286): FrontController->runAction()
#2 D:\project\aPhungTanPhucglass\1SOURCE\src_tp_front\tp_front\framework\web\CController.php(265): FrontController->runActionWithFilters()
#3 D:\project\aPhungTanPhucglass\1SOURCE\src_tp_front\tp_front\framework\web\CWebApplication.php(282): FrontController->run()
#4 D:\project\aPhungTanPhucglass\1SOURCE\src_tp_front\tp_front\framework\web\CWebApplication.php(141): CWebApplication->runController()
#5 D:\project\aPhungTanPhucglass\1SOURCE\src_tp_front\tp_front\framework\base\CApplication.php(180): CWebApplication->processRequest()
#6 D:\project\aPhungTanPhucglass\1SOURCE\src_tp_front\tp_front\index.php(17): CWebApplication->run()
REQUEST_URI=/index.php?r=front/sanpham&guid=3800BD26_EB8A_0DC9_0BD0_393B512CDA9Ds555
